[dotenv@17.0.0] injecting env (3) from .env – 🔐 encrypt with dotenvx: https://dotenvx.com
(node:1768) [MONGODB DRIVER] Warning: useNewUrlParser is a deprecated option: useNewUrlParser has no effect since Node.js Driver version 4.0.0 and will be removed in the next major version
(Use `node --trace-warnings ...` to show where the warning was created)
(node:1768) [MONGODB DRIVER] Warning: useUnifiedTopology is a deprecated option: useUnifiedTopology has no effect since Node.js Driver version 4.0.0 and will be removed in the next major version
Backend running on port 5000
📦 Using DB: three-tier-db
MongoDB connected
[dotenv@17.0.0] injecting env (3) from .env – 🔐 encrypt with dotenvx: https://dotenvx.com
(node:8041) [MONGODB DRIVER] Warning: useNewUrlParser is a deprecated option: useNewUrlParser has no effect since Node.js Driver version 4.0.0 and will be removed in the next major version
(Use `node --trace-warnings ...` to show where the warning was created)
(node:8041) [MONGODB DRIVER] Warning: useUnifiedTopology is a deprecated option: useUnifiedTopology has no effect since Node.js Driver version 4.0.0 and will be removed in the next major version
Backend running on port 5000
📦 Using DB: three-tier-db
MongoDB connected
[dotenv@17.0.0] injecting env (3) from .env – 🔐 encrypt with dotenvx: https://dotenvx.com
(node:8277) [MONGODB DRIVER] Warning: useNewUrlParser is a deprecated option: useNewUrlParser has no effect since Node.js Driver version 4.0.0 and will be removed in the next major version
(Use `node --trace-warnings ...` to show where the warning was created)
(node:8277) [MONGODB DRIVER] Warning: useUnifiedTopology is a deprecated option: useUnifiedTopology has no effect since Node.js Driver version 4.0.0 and will be removed in the next major version
Backend running on port 5000
📦 Using DB: three-tier-db
MongoDB connected
